<?xml version="1.0" encoding="UTF-8"?>
<testng-results skipped="0" failed="0" total="1" passed="1">
  <reporter-output>
    <line>
      <![CDATA[browser driver was constructed<br>]]>
    </line>
    <line>
      <![CDATA[Browser 'firefox' ready...<br>]]>
    </line>
    <line>
      <![CDATA[------------------------------------------------------------------------------<br>]]>
    </line>
    <line>
      <![CDATA[=====================  Test case: 'test.TC_01_putInCart' =====================<br>]]>
    </line>
    <line>
      <![CDATA[------------------------------------------------------------------------------<br>]]>
    </line>
    <line>
      <![CDATA[--------==[ Preconditions ]==--------<br>]]>
    </line>
    <line>
      <![CDATA[--------==[ Step 1 ]==--------<br>]]>
    </line>
    <line>
      <![CDATA[Form 'Home page' appears in 2040msec<br>]]>
    </line>
    <line>
      <![CDATA[--------==[ Step 2 ]==--------<br>]]>
    </line>
    <line>
      <![CDATA[Label 'Menu item Компьютеры' :: Clicking<br>]]>
    </line>
    <line>
      <![CDATA[Label 'Menu  sub-item Ноутбуки' :: Clicking<br>]]>
    </line>
    <line>
      <![CDATA[Form 'Ноутбуки' appears in 5118msec<br>]]>
    </line>
    <line>
      <![CDATA[--------==[ Step 3 ]==--------<br>]]>
    </line>
    <line>
      <![CDATA[Button 'В корзину' :: Clicking<br>]]>
    </line>
    <line>
      <![CDATA[--------==[ Step 4 ]==--------<br>]]>
    </line>
    <line>
      <![CDATA[Button 'Button Корзина' :: Clicking<br>]]>
    </line>
    <line>
      <![CDATA[Form 'Cart form 'Корзина'' appears in 4250msec<br>]]>
    </line>
    <line>
      <![CDATA[Item successfully added to the cart<br>]]>
    </line>
    <line>
      <![CDATA[<br>]]>
    </line>
    <line>
      <![CDATA[*****************************************************<br>]]>
    </line>
    <line>
      <![CDATA[***** Test case: 'test.TC_01_putInCart' Passed! *****<br>]]>
    </line>
    <line>
      <![CDATA[*****************************************************<br>]]>
    </line>
    <line>
      <![CDATA[<br>]]>
    </line>
    <line>
      <![CDATA[driver.quit...<br>]]>
    </line>
    <line>
      <![CDATA[killing processes<br>]]>
    </line>
  </reporter-output>
  <suite name="Demo Test Plan" duration-ms="92148" started-at="2014-12-09T02:02:09Z" finished-at="2014-12-09T02:03:41Z">
    <groups>
    </groups>
    <test name="Put in cart Test" duration-ms="92148" started-at="2014-12-09T02:02:09Z" finished-at="2014-12-09T02:03:41Z">
      <class name="test.TC_01_putInCart">
        <test-method status="PASS" signature="before(org.testng.ITestContext)[pri:0, instance:test.TC_01_putInCart@2f217633]" name="before" is-config="true" duration-ms="137" started-at="2014-12-08T23:02:09Z" finished-at="2014-12-08T23:02:09Z">
          <params>
            <param index="0">
              <value>
                <![CDATA[org.testng.TestRunner@5b799640]]>
              </value>
            </param>
          </params>
          <reporter-output>
          </reporter-output>
        </test-method> <!-- before -->
        <test-method status="PASS" signature="getParameters(int)[pri:0, instance:test.TC_01_putInCart@2f217633]" name="getParameters" is-config="true" duration-ms="2" started-at="2014-12-08T23:02:09Z" finished-at="2014-12-08T23:02:09Z">
          <params>
            <param index="0">
              <value>
                <![CDATA[0]]>
              </value>
            </param>
          </params>
          <reporter-output>
          </reporter-output>
        </test-method> <!-- getParameters -->
        <test-method status="PASS" signature="xTest()[pri:0, instance:test.TC_01_putInCart@2f217633]" name="xTest" duration-ms="91189" started-at="2014-12-08T23:02:09Z" finished-at="2014-12-08T23:03:41Z">
          <reporter-output>
            <line>
              <![CDATA[------------------------------------------------------------------------------<br>]]>
            </line>
            <line>
              <![CDATA[=====================  Test case: 'test.TC_01_putInCart' =====================<br>]]>
            </line>
            <line>
              <![CDATA[------------------------------------------------------------------------------<br>]]>
            </line>
            <line>
              <![CDATA[--------==[ Preconditions ]==--------<br>]]>
            </line>
            <line>
              <![CDATA[--------==[ Step 1 ]==--------<br>]]>
            </line>
            <line>
              <![CDATA[Form 'Home page' appears in 2040msec<br>]]>
            </line>
            <line>
              <![CDATA[--------==[ Step 2 ]==--------<br>]]>
            </line>
            <line>
              <![CDATA[Label 'Menu item Компьютеры' :: Clicking<br>]]>
            </line>
            <line>
              <![CDATA[Label 'Menu  sub-item Ноутбуки' :: Clicking<br>]]>
            </line>
            <line>
              <![CDATA[Form 'Ноутбуки' appears in 5118msec<br>]]>
            </line>
            <line>
              <![CDATA[--------==[ Step 3 ]==--------<br>]]>
            </line>
            <line>
              <![CDATA[Button 'В корзину' :: Clicking<br>]]>
            </line>
            <line>
              <![CDATA[--------==[ Step 4 ]==--------<br>]]>
            </line>
            <line>
              <![CDATA[Button 'Button Корзина' :: Clicking<br>]]>
            </line>
            <line>
              <![CDATA[Form 'Cart form 'Корзина'' appears in 4250msec<br>]]>
            </line>
            <line>
              <![CDATA[Item successfully added to the cart<br>]]>
            </line>
            <line>
              <![CDATA[<br>]]>
            </line>
            <line>
              <![CDATA[*****************************************************<br>]]>
            </line>
            <line>
              <![CDATA[***** Test case: 'test.TC_01_putInCart' Passed! *****<br>]]>
            </line>
            <line>
              <![CDATA[*****************************************************<br>]]>
            </line>
            <line>
              <![CDATA[<br>]]>
            </line>
          </reporter-output>
        </test-method> <!-- xTest -->
        <test-method status="PASS" signature="after()[pri:0, instance:test.TC_01_putInCart@2f217633]" name="after" is-config="true" duration-ms="795" started-at="2014-12-08T23:03:41Z" finished-at="2014-12-08T23:03:41Z">
          <reporter-output>
            <line>
              <![CDATA[driver.quit...<br>]]>
            </line>
            <line>
              <![CDATA[killing processes<br>]]>
            </line>
          </reporter-output>
        </test-method> <!-- after -->
      </class> <!-- test.TC_01_putInCart -->
    </test> <!-- Put in cart Test -->
  </suite> <!-- Demo Test Plan -->
</testng-results>
